<?xml version="1.0" encoding="UTF-8" ?>
<testsuite errors="0" failures="0" hostname="DESKTOP-IA94U8T" name="runners.JUnitTestRunner" skipped="0" tests="10" time="61.206" timestamp="2022-03-14T09:19:54">
  <properties>
    <property name="ant.library.dir" value="C:\Users\HP\.p2\pool\plugins\org.apache.ant_1.10.12.v20211102-1452\lib" />
    <property name="env.NUMBER_OF_PROCESSORS" value="12" />
    <property name="env.USERPROFILE" value="C:\Users\HP" />
    <property name="java.specification.version" value="15" />
    <property name="ant.project.name" value="AppiumResturant365" />
    <property name="sun.cpu.isalist" value="amd64" />
    <property name="sun.jnu.encoding" value="Cp1252" />
    <property name="ant.file.AppiumResturant365" value="D:\Gateway_QA\Selenium\eclipse-workspace\AppiumResturant365\build.xml" />
    <property name="sun.arch.data.model" value="64" />
    <property name="debuglevel" value="source,lines,vars" />
    <property name="env.FPS_BROWSER_APP_PROFILE_STRING" value="Internet Explorer" />
    <property name="java.vendor.url" value="https://java.oracle.com/" />
    <property name="env.CommonProgramW6432" value="C:\Program Files\Common Files" />
    <property name="env.OS" value="Windows_NT" />
    <property name="sun.boot.library.path" value="C:\Program Files\Java\jdk-15.0.2\bin" />
    <property name="sun.java.command" value="org.apache.tools.ant.taskdefs.optional.junit.JUnitTestRunner runners.JUnitTestRunner skipNonTests=false filtertrace=true haltOnError=false haltOnFailure=false formatter=org.apache.tools.ant.taskdefs.optional.junit.OutErrSummaryJUnitResultFormatter showoutput=false outputtoformatters=true logfailedtests=true threadid=0 logtestlistenerevents=false formatter=org.apache.tools.ant.taskdefs.optional.junit.XMLJUnitResultFormatter,D:\Gateway_QA\Selenium\eclipse-workspace\AppiumResturant365\junit\TEST-runners.JUnitTestRunner.xml crashfile=D:\Gateway_QA\Selenium\eclipse-workspace\AppiumResturant365\junitvmwatcher18003979106923839467.properties propsfile=D:\Gateway_QA\Selenium\eclipse-workspace\AppiumResturant365\junit9594496257776311045.properties" />
    <property name="jdk.debug" value="release" />
    <property name="env.ComSpec" value="C:\WINDOWS\system32\cmd.exe" />
    <property name="eclipse.pdebuild.templates" value="C:\Users\HP\eclipse\java-2021-12\eclipse\..\..\..\.p2\pool\plugins\org.eclipse.pde.build_3.11.100.v20210916-0743\templates" />
    <property name="java.specification.vendor" value="Oracle Corporation" />
    <property name="java.version.date" value="2021-01-19" />
    <property name="env.JAVA_HOME" value="C:\Program Files\Java\jdk-15.0.2" />
    <property name="java.home" value="C:\Program Files\Java\jdk-15.0.2" />
    <property name="basedir" value="D:\Gateway_QA\Selenium\eclipse-workspace\AppiumResturant365" />
    <property name="file.separator" value="\" />
    <property name="env.ProgramFiles" value="C:\Program Files" />
    <property name="java.vm.compressedOopsMode" value="Zero based" />
    <property name="line.separator" value="&#xd;&#xa;" />
    <property name="env.PROMPT" value="$P$G" />
    <property name="java.vm.specification.vendor" value="Oracle Corporation" />
    <property name="java.specification.name" value="Java Platform API Specification" />
    <property name="env.LOCALAPPDATA" value="C:\Users\HP\AppData\Local" />
    <property name="env.USERDOMAIN_ROAMINGPROFILE" value="DESKTOP-IA94U8T" />
    <property name="env.PROCESSOR_REVISION" value="9e0d" />
    <property name="user.script" value="" />
    <property name="env.PSModulePath" value="C:\Program Files\WindowsPowerShell\Modules;C:\WINDOWS\system32\WindowsPowerShell\v1.0\Modules" />
    <property name="sun.management.compiler" value="HotSpot 64-Bit Tiered Compilers" />
    <property name="env.PROCESSOR_IDENTIFIER" value="Intel64 Family 6 Model 158 Stepping 13, GenuineIntel" />
    <property name="java.runtime.version" value="15.0.2+7-27" />
    <property name="user.name" value="Eng. Amal Hamad" />
    <property name="env.ProgramW6432" value="C:\Program Files" />
    <property name="env.DriverData" value="C:\Windows\System32\Drivers\DriverData" />
    <property name="env.CommonProgramFiles" value="C:\Program Files\Common Files" />
    <property name="env.PUBLIC" value="C:\Users\Public" />
    <property name="file.encoding" value="Cp1252" />
    <property name="env.COMPUTERNAME" value="DESKTOP-IA94U8T" />
    <property name="env.HOMEPATH" value="\Users\HP" />
    <property name="env.APPDATA" value="C:\Users\HP\AppData\Roaming" />
    <property name="env.SystemDrive" value="C:" />
    <property name="env.ProgramData" value="C:\ProgramData" />
    <property name="java.io.tmpdir" value="C:\Users\HP\AppData\Local\Temp\" />
    <property name="java.version" value="15.0.2" />
    <property name="env.Path" value="C:/Users/HP/.p2/pool/plugins/org.eclipse.justj.openjdk.hotspot.jre.full.win32.x86_64_17.0.2.v20220201-1208/jre/bin/server;C:/Users/HP/.p2/pool/plugins/org.eclipse.justj.openjdk.hotspot.jre.full.win32.x86_64_17.0.2.v20220201-1208/jre/bin;C:\Program Files\Common Files\Oracle\Java\javapath;C:\Program Files (x86)\Common Files\Oracle\Java\javapath;C:\ProgramData\Oracle\Java\javapath;C:\WINDOWS\system32;C:\WINDOWS;C:\WINDOWS\System32\Wbem;C:\WINDOWS\System32\WindowsPowerShell\v1.0\;C:\WINDOWS\System32\OpenSSH\;C:\Program Files\nodejs\;C:\Program Files\nodejs\node_modules\npm\bin;C:\Users\HP\Documents\apache-maven-3.8.4\bin;C:\Users\HP\AppData\Local\Android\Sdk\platform-tools\;C:\Users\HP\AppData\Local\Android\Sdk\tools;C:\Users\HP\AppData\Local\Android\Sdk\tools\bin;C:\Program Files\Git\cmd;D:\Gateway_QA\JMeter\apache-jmeter-5.4.3\bin;C:\Users\HP\AppData\Local\Programs\Python\Python310\Scripts\;C:\Users\HP\AppData\Local\Programs\Python\Python310\;C:\Users\HP\scoop\shims;C:\Users\HP\AppData\Local\Microsoft\WindowsApps;C:\Users\HP\AppData\Local\GitHubDesktop\bin;C:\Users\HP\Downloads\8900_Signature_tool_20200512\8900_Signature_tool\tools\bin;C:\Users\HP\Documents\flutter\bin;;C:\Users\HP\AppData\Local\Programs\Microsoft VS Code\bin;C:\Users\HP\AppData\Roaming\npm;C:\Users\HP\eclipse\java-2021-12\eclipse;" />
    <property name="env.PROCESSOR_LEVEL" value="6" />
    <property name="env.HOMEDRIVE" value="C:" />
    <property name="env.TMP" value="C:\Users\HP\AppData\Local\Temp" />
    <property name="java.vm.specification.name" value="Java Virtual Machine Specification" />
    <property name="env.ANDROID_HOME" value="C:\Users\HP\AppData\Local\Android\Sdk" />
    <property name="ant.home" value="C:\Users\HP\.p2\pool\plugins\org.apache.ant_1.10.12.v20211102-1452" />
    <property name="sun.os.patch.level" value="" />
    <property name="junit.output.dir" value="junit" />
    <property name="ant.version" value="Apache Ant(TM) version 1.10.12 compiled on October 13 2021" />
    <property name="java.library.path" value="C:\Program Files\Java\jdk-15.0.2\bin;C:\WINDOWS\Sun\Java\bin;C:\WINDOWS\system32;C:\WINDOWS;C:/Users/HP/.p2/pool/plugins/org.eclipse.justj.openjdk.hotspot.jre.full.win32.x86_64_17.0.2.v20220201-1208/jre/bin/server;C:/Users/HP/.p2/pool/plugins/org.eclipse.justj.openjdk.hotspot.jre.full.win32.x86_64_17.0.2.v20220201-1208/jre/bin;C:\Program Files\Common Files\Oracle\Java\javapath;C:\Program Files (x86)\Common Files\Oracle\Java\javapath;C:\ProgramData\Oracle\Java\javapath;C:\WINDOWS\system32;C:\WINDOWS;C:\WINDOWS\System32\Wbem;C:\WINDOWS\System32\WindowsPowerShell\v1.0\;C:\WINDOWS\System32\OpenSSH\;C:\Program Files\nodejs\;C:\Program Files\nodejs\node_modules\npm\bin;C:\Users\HP\Documents\apache-maven-3.8.4\bin;C:\Users\HP\AppData\Local\Android\Sdk\platform-tools\;C:\Users\HP\AppData\Local\Android\Sdk\tools;C:\Users\HP\AppData\Local\Android\Sdk\tools\bin;C:\Program Files\Git\cmd;D:\Gateway_QA\JMeter\apache-jmeter-5.4.3\bin;C:\Users\HP\AppData\Local\Programs\Python\Python310\Scripts\;C:\Users\HP\AppData\Local\Programs\Python\Python310\;C:\Users\HP\scoop\shims;C:\Users\HP\AppData\Local\Microsoft\WindowsApps;C:\Users\HP\AppData\Local\GitHubDesktop\bin;C:\Users\HP\Downloads\8900_Signature_tool_20200512\8900_Signature_tool\tools\bin;C:\Users\HP\Documents\flutter\bin;;C:\Users\HP\AppData\Local\Programs\Microsoft VS Code\bin;C:\Users\HP\AppData\Roaming\npm;C:\Users\HP\eclipse\java-2021-12\eclipse;;." />
    <property name="eclipse.pdebuild.scripts" value="C:\Users\HP\eclipse\java-2021-12\eclipse\..\..\..\.p2\pool\plugins\org.eclipse.pde.build_3.11.100.v20210916-0743\scripts" />
    <property name="java.vendor" value="Oracle Corporation" />
    <property name="env.LOGONSERVER" value="\\DESKTOP-IA94U8T" />
    <property name="ant.file.type.AppiumResturant365" value="file" />
    <property name="sun.io.unicode.encoding" value="UnicodeLittle" />
    <property name="java.class.path" value="D:\Gateway_QA\Selenium\eclipse-workspace\AppiumResturant365\target\classes;C:\Users\HP\.m2\repository\io\appium\java-client\7.6.0\java-client-7.6.0.jar;C:\Users\HP\.m2\repository\org\seleniumhq\selenium\selenium-java\3.141.59\selenium-java-3.141.59.jar;C:\Users\HP\.m2\repository\org\seleniumhq\selenium\selenium-chrome-driver\3.141.59\selenium-chrome-driver-3.141.59.jar;C:\Users\HP\.m2\repository\org\seleniumhq\selenium\selenium-edge-driver\3.141.59\selenium-edge-driver-3.141.59.jar;C:\Users\HP\.m2\repository\org\seleniumhq\selenium\selenium-firefox-driver\3.141.59\selenium-firefox-driver-3.141.59.jar;C:\Users\HP\.m2\repository\org\seleniumhq\selenium\selenium-ie-driver\3.141.59\selenium-ie-driver-3.141.59.jar;C:\Users\HP\.m2\repository\org\seleniumhq\selenium\selenium-opera-driver\3.141.59\selenium-opera-driver-3.141.59.jar;C:\Users\HP\.m2\repository\org\seleniumhq\selenium\selenium-remote-driver\3.141.59\selenium-remote-driver-3.141.59.jar;C:\Users\HP\.m2\repository\org\seleniumhq\selenium\selenium-safari-driver\3.141.59\selenium-safari-driver-3.141.59.jar;C:\Users\HP\.m2\repository\net\bytebuddy\byte-buddy\1.8.15\byte-buddy-1.8.15.jar;C:\Users\HP\.m2\repository\org\apache\commons\commons-exec\1.3\commons-exec-1.3.jar;C:\Users\HP\.m2\repository\com\google\guava\guava\25.0-jre\guava-25.0-jre.jar;C:\Users\HP\.m2\repository\com\google\code\findbugs\jsr305\1.3.9\jsr305-1.3.9.jar;C:\Users\HP\.m2\repository\org\checkerframework\checker-compat-qual\2.0.0\checker-compat-qual-2.0.0.jar;C:\Users\HP\.m2\repository\com\google\errorprone\error_prone_annotations\2.1.3\error_prone_annotations-2.1.3.jar;C:\Users\HP\.m2\repository\com\google\j2objc\j2objc-annotations\1.1\j2objc-annotations-1.1.jar;C:\Users\HP\.m2\repository\org\codehaus\mojo\animal-sniffer-annotations\1.14\animal-sniffer-annotations-1.14.jar;C:\Users\HP\.m2\repository\com\squareup\okhttp3\okhttp\3.11.0\okhttp-3.11.0.jar;C:\Users\HP\.m2\repository\com\squareup\okio\okio\1.14.0\okio-1.14.0.jar;C:\Users\HP\.m2\repository\org\seleniumhq\selenium\selenium-support\3.141.59\selenium-support-3.141.59.jar;C:\Users\HP\.m2\repository\org\seleniumhq\selenium\selenium-api\3.141.59\selenium-api-3.141.59.jar;C:\Users\HP\.m2\repository\com\google\code\gson\gson\2.8.8\gson-2.8.8.jar;C:\Users\HP\.m2\repository\org\apache\httpcomponents\httpclient\4.5.13\httpclient-4.5.13.jar;C:\Users\HP\.m2\repository\org\apache\httpcomponents\httpcore\4.4.13\httpcore-4.4.13.jar;C:\Users\HP\.m2\repository\commons-logging\commons-logging\1.2\commons-logging-1.2.jar;C:\Users\HP\.m2\repository\commons-codec\commons-codec\1.11\commons-codec-1.11.jar;C:\Users\HP\.m2\repository\cglib\cglib\3.3.0\cglib-3.3.0.jar;C:\Users\HP\.m2\repository\org\ow2\asm\asm\7.1\asm-7.1.jar;C:\Users\HP\.m2\repository\commons-validator\commons-validator\1.7\commons-validator-1.7.jar;C:\Users\HP\.m2\repository\commons-beanutils\commons-beanutils\1.9.4\commons-beanutils-1.9.4.jar;C:\Users\HP\.m2\repository\commons-digester\commons-digester\2.1\commons-digester-2.1.jar;C:\Users\HP\.m2\repository\commons-collections\commons-collections\3.2.2\commons-collections-3.2.2.jar;C:\Users\HP\.m2\repository\org\apache\commons\commons-lang3\3.12.0\commons-lang3-3.12.0.jar;C:\Users\HP\.m2\repository\commons-io\commons-io\2.11.0\commons-io-2.11.0.jar;C:\Users\HP\.m2\repository\org\springframework\spring-context\5.3.10\spring-context-5.3.10.jar;C:\Users\HP\.m2\repository\org\springframework\spring-aop\5.3.10\spring-aop-5.3.10.jar;C:\Users\HP\.m2\repository\org\springframework\spring-beans\5.3.10\spring-beans-5.3.10.jar;C:\Users\HP\.m2\repository\org\springframework\spring-core\5.3.10\spring-core-5.3.10.jar;C:\Users\HP\.m2\repository\org\springframework\spring-jcl\5.3.10\spring-jcl-5.3.10.jar;C:\Users\HP\.m2\repository\org\springframework\spring-expression\5.3.10\spring-expression-5.3.10.jar;C:\Users\HP\.m2\repository\org\aspectj\aspectjweaver\1.9.7\aspectjweaver-1.9.7.jar;C:\Users\HP\.m2\repository\org\slf4j\slf4j-api\1.7.32\slf4j-api-1.7.32.jar;C:\Users\HP\.m2\repository\junit\junit\4.13.1\junit-4.13.1.jar;C:\Users\HP\.m2\repository\org\hamcrest\hamcrest-core\1.3\hamcrest-core-1.3.jar;C:\Users\HP\.p2\pool\plugins\org.junit_4.13.2.v20211018-1956.jar;C:\Users\HP\.p2\pool\plugins\org.hamcrest.core_1.3.0.v20180420-1519.jar;C:\Users\HP\.p2\pool\plugins\org.apache.ant_1.10.12.v20211102-1452\lib\ant-launcher.jar;C:\Users\HP\.p2\pool\plugins\org.apache.ant_1.10.12.v20211102-1452\lib\ant.jar;C:\Users\HP\.p2\pool\plugins\org.apache.ant_1.10.12.v20211102-1452\lib\ant-junit.jar;C:\Users\HP\.p2\pool\plugins\org.apache.ant_1.10.12.v20211102-1452\lib\ant-junit4.jar" />
    <property name="source" value="11" />
    <property name="java.vm.vendor" value="Oracle Corporation" />
    <property name="env.PROCESSOR_ARCHITECTURE" value="AMD64" />
    <property name="user.variant" value="" />
    <property name="env.VSTOOLS" value="C:\Users\HP\Downloads\8900_Signature_tool_20200512\8900_Signature_tool\tools" />
    <property name="env.SystemRoot" value="C:\WINDOWS" />
    <property name="java.vm.specification.version" value="15" />
    <property name="os.name" value="Windows 10" />
    <property name="sun.java.launcher" value="SUN_STANDARD" />
    <property name="user.country" value="US" />
    <property name="env.USERDOMAIN" value="DESKTOP-IA94U8T" />
    <property name="sun.cpu.endian" value="little" />
    <property name="user.home" value="C:\Users\HP" />
    <property name="user.language" value="en" />
    <property name="eclipse.pdebuild.home" value="C:\Users\HP\eclipse\java-2021-12\eclipse\..\..\..\.p2\pool\plugins\org.eclipse.pde.build_3.11.100.v20210916-0743\." />
    <property name="env.ALLUSERSPROFILE" value="C:\ProgramData" />
    <property name="ant.java.version" value="15" />
    <property name="env.SESSIONNAME" value="Console" />
    <property name="env.MAVEN_HOME" value="C:\Users\HP\Documents\apache-maven-3.8.4" />
    <property name="env.ANT_HOME" value="C:\Users\HP\.p2\pool\plugins\org.apache.ant_1.10.12.v20211102-1452" />
    <property name="env.windir" value="C:\WINDOWS" />
    <property name="ant.file" value="D:\Gateway_QA\Selenium\eclipse-workspace\AppiumResturant365\build.xml" />
    <property name="path.separator" value=";" />
    <property name="os.version" value="10.0" />
    <property name="java.runtime.name" value="Java(TM) SE Runtime Environment" />
    <property name="env.CommonProgramFiles(x86)" value="C:\Program Files (x86)\Common Files" />
    <property name="env.PATHEXT" value=".COM;.EXE;.BAT;.CMD;.VBS;.VBE;.JS;.JSE;.WSF;.WSH;.MSC" />
    <property name="ant.project.invoked-targets" value="build,JUnitTestRunner (2),junitreport" />
    <property name="java.vm.name" value="Java HotSpot(TM) 64-Bit Server VM" />
    <property name="ECLIPSE_HOME" value="C:/Users/HP/eclipse/java-2021-12/eclipse/" />
    <property name="ant.core.lib" value="C:\Users\HP\.p2\pool\plugins\org.apache.ant_1.10.12.v20211102-1452\lib\ant.jar" />
    <property name="java.vendor.url.bug" value="https://bugreport.java.com/bugreport/" />
    <property name="user.dir" value="D:\Gateway_QA\Selenium\eclipse-workspace\AppiumResturant365" />
    <property name="env.USERNAME" value="Eng. Amal Hamad" />
    <property name="os.arch" value="amd64" />
    <property name="env.OneDriveConsumer" value="C:\Users\HP\OneDrive" />
    <property name="target" value="11" />
    <property name="env.ProgramFiles(x86)" value="C:\Program Files (x86)" />
    <property name="java.vm.info" value="mixed mode, sharing" />
    <property name="java.vm.version" value="15.0.2+7-27" />
    <property name="env.FPS_BROWSER_USER_PROFILE_STRING" value="Default" />
    <property name="env.TEMP" value="C:\Users\HP\AppData\Local\Temp" />
    <property name="java.class.version" value="59.0" />
    <property name="env.OneDrive" value="C:\Users\HP\OneDrive" />
    <property name="ant.project.default-target" value="build" />
  </properties>
  <testcase classname="tests.LoginTest" name="loginToApp" time="21.522" />
  <testcase classname="tests.InventoryCountTests" name="TC01_verifyManagerCanNavigateToInventoryCount" time="4.021" />
  <testcase classname="tests.InventoryCountTests" name="TC02_verifySearchInputPlacholder" time="1.162" />
  <testcase classname="tests.InventoryCountTests" name="TC03_verifyErrorMessageAppearsWhenSearchForInvalidInput" time="5.71" />
  <testcase classname="tests.InventoryCountTests" name="TC04_verifyResultsFoundWhenSearchForValidInput" time="5.874" />
  <testcase classname="tests.InventoryCountTests" name="TC05_verifyManagerCanNavigateToStorageItems" time="2.918" />
  <testcase classname="tests.InventoryCountTests" name="TC06_verifyManagerCanOpenItemDetailsDialog" time="2.175" />
  <testcase classname="tests.InventoryCountTests" name="TC07_verifyManagerCanChangeItemQuantity" time="2.024" />
  <testcase classname="tests.InventoryCountTests" name="TC08_verifyItemQuantityChanged" time="1.394" />
  <testcase classname="tests.InventoryCountTests" name="TC09_verifyTotalCosts" time="0.285" />
  <system-out><![CDATA[Login Successfully
Assertion Successfully
inventoryList size: 1
item: Testing Template 157
inventoryList size: 1
StorageLocation [StorageName=New storage location 0, itemsCount=4]
ItemName size: 4
StorageItem [name=masa item test, unit=OZ-wt, quantity=0, price=0.65]
getQuantity: 30
quantity  30
price  0.65
cost  19.5
totalCosts:  19.5 **** expectedCost: 19.5
]]></system-out>
  <system-err><![CDATA[Mar 14, 2022 11:20:03 AM io.appium.java_client.remote.AppiumCommandExecutor$1 lambda$0
INFO: Detected dialect: W3C
]]></system-err>
</testsuite>
